<?xml version="1.0" encoding="UTF-8"?>
<!-- Generated by org.testng.reporters.JUnitXMLReporter -->
<testsuite ignored="0" hostname="DESKTOP-HME3A3V" failures="0" tests="4" name="Default test" time="4.732" errors="0" timestamp="2021-10-19T20:18:51 IST">
  <testcase classname="com.lao.restassured.RestassuredExample" name="deleteRestAssuredExample" time="3.505"/>
  <testcase classname="com.lao.restassured.RestassuredExample" name="postRestassuredExample" time="0.539"/>
  <testcase classname="com.lao.restassured.RestassuredExample" name="putRestassuredExample" time="0.453"/>
  <testcase classname="com.lao.restassured.RestassuredExample" name="testingRestAssured" time="0.172"/>
</testsuite> <!-- Default test -->
